18:21:41.142 [INFO] (on_policy_trainer.py:67) Total Epi:     1 Steps:     200 Episode Steps:   200 Return: -1157.9049 FPS: 113.82
18:21:41.672 [INFO] (on_policy_trainer.py:67) Total Epi:     2 Steps:     400 Episode Steps:   200 Return: -1737.6779 FPS: 382.39
18:21:43.175 [INFO] (on_policy_trainer.py:67) Total Epi:     3 Steps:     600 Episode Steps:   200 Return: -1653.2546 FPS: 133.21
18:21:43.791 [INFO] (on_policy_trainer.py:67) Total Epi:     4 Steps:     800 Episode Steps:   200 Return: -1796.6818 FPS: 325.27
18:21:44.464 [INFO] (on_policy_trainer.py:67) Total Epi:     5 Steps:    1000 Episode Steps:   200 Return: -1839.8742 FPS: 297.85
18:21:45.165 [INFO] (on_policy_trainer.py:67) Total Epi:     6 Steps:    1200 Episode Steps:   200 Return: -1462.0633 FPS: 285.70
18:21:45.777 [INFO] (on_policy_trainer.py:67) Total Epi:     7 Steps:    1400 Episode Steps:   200 Return: -1731.4313 FPS: 328.18
18:21:46.687 [INFO] (on_policy_trainer.py:67) Total Epi:     8 Steps:    1600 Episode Steps:   200 Return: -1210.4901 FPS: 220.16
18:21:47.285 [INFO] (on_policy_trainer.py:67) Total Epi:     9 Steps:    1800 Episode Steps:   200 Return: -1443.2815 FPS: 337.63
18:21:47.854 [INFO] (on_policy_trainer.py:67) Total Epi:    10 Steps:    2000 Episode Steps:   200 Return: -1289.2920 FPS: 352.23
18:21:48.554 [INFO] (on_policy_trainer.py:67) Total Epi:    11 Steps:    2200 Episode Steps:   200 Return: -853.2433 FPS: 286.10
18:21:49.150 [INFO] (on_policy_trainer.py:67) Total Epi:    12 Steps:    2400 Episode Steps:   200 Return: -823.2853 FPS: 336.57
18:21:49.905 [INFO] (on_policy_trainer.py:67) Total Epi:    13 Steps:    2600 Episode Steps:   200 Return: -1218.7224 FPS: 265.05
18:21:50.603 [INFO] (on_policy_trainer.py:67) Total Epi:    14 Steps:    2800 Episode Steps:   200 Return: -1425.9011 FPS: 287.28
18:21:51.311 [INFO] (on_policy_trainer.py:67) Total Epi:    15 Steps:    3000 Episode Steps:   200 Return: -1155.5888 FPS: 284.97
18:21:52.181 [INFO] (on_policy_trainer.py:67) Total Epi:    16 Steps:    3200 Episode Steps:   200 Return: -1351.9333 FPS: 230.37
18:21:52.857 [INFO] (on_policy_trainer.py:67) Total Epi:    17 Steps:    3400 Episode Steps:   200 Return: -1359.7072 FPS: 296.39
18:21:53.545 [INFO] (on_policy_trainer.py:67) Total Epi:    18 Steps:    3600 Episode Steps:   200 Return: -1416.0511 FPS: 291.09
18:21:54.193 [INFO] (on_policy_trainer.py:67) Total Epi:    19 Steps:    3800 Episode Steps:   200 Return: -1540.1701 FPS: 309.32
18:21:54.859 [INFO] (on_policy_trainer.py:67) Total Epi:    20 Steps:    4000 Episode Steps:   200 Return: -1471.7956 FPS: 301.09
18:21:55.491 [INFO] (on_policy_trainer.py:67) Total Epi:    21 Steps:    4200 Episode Steps:   200 Return: -1540.0876 FPS: 317.06
18:21:56.051 [INFO] (on_policy_trainer.py:67) Total Epi:    22 Steps:    4400 Episode Steps:   200 Return: -1292.7558 FPS: 357.64
18:21:56.664 [INFO] (on_policy_trainer.py:67) Total Epi:    23 Steps:    4600 Episode Steps:   200 Return: -1273.7186 FPS: 327.24
18:21:57.363 [INFO] (on_policy_trainer.py:67) Total Epi:    24 Steps:    4800 Episode Steps:   200 Return: -1655.4049 FPS: 286.65
18:21:57.911 [INFO] (on_policy_trainer.py:67) Total Epi:    25 Steps:    5000 Episode Steps:   200 Return: -1452.6535 FPS: 366.01
18:21:58.577 [INFO] (on_policy_trainer.py:67) Total Epi:    26 Steps:    5200 Episode Steps:   200 Return: -1655.6678 FPS: 300.54
18:21:59.226 [INFO] (on_policy_trainer.py:67) Total Epi:    27 Steps:    5400 Episode Steps:   200 Return: -1653.5494 FPS: 311.11
18:21:59.957 [INFO] (on_policy_trainer.py:67) Total Epi:    28 Steps:    5600 Episode Steps:   200 Return: -1487.6326 FPS: 274.40
18:22:00.805 [INFO] (on_policy_trainer.py:67) Total Epi:    29 Steps:    5800 Episode Steps:   200 Return: -1412.2289 FPS: 237.45
18:22:01.401 [INFO] (on_policy_trainer.py:67) Total Epi:    30 Steps:    6000 Episode Steps:   200 Return: -1007.9750 FPS: 337.10
18:22:02.313 [INFO] (on_policy_trainer.py:67) Total Epi:    31 Steps:    6200 Episode Steps:   200 Return: -1518.1084 FPS: 219.57
18:22:03.098 [INFO] (on_policy_trainer.py:67) Total Epi:    32 Steps:    6400 Episode Steps:   200 Return: -1272.6001 FPS: 255.36
18:22:03.715 [INFO] (on_policy_trainer.py:67) Total Epi:    33 Steps:    6600 Episode Steps:   200 Return: -1228.8524 FPS: 324.94
18:22:04.403 [INFO] (on_policy_trainer.py:67) Total Epi:    34 Steps:    6800 Episode Steps:   200 Return: -1639.7008 FPS: 291.31
18:22:05.045 [INFO] (on_policy_trainer.py:67) Total Epi:    35 Steps:    7000 Episode Steps:   200 Return: -1657.6176 FPS: 312.38
18:22:05.835 [INFO] (on_policy_trainer.py:67) Total Epi:    36 Steps:    7200 Episode Steps:   200 Return: -1321.9945 FPS: 253.63
18:22:06.431 [INFO] (on_policy_trainer.py:67) Total Epi:    37 Steps:    7400 Episode Steps:   200 Return: -1202.3618 FPS: 336.99
18:22:07.086 [INFO] (on_policy_trainer.py:67) Total Epi:    38 Steps:    7600 Episode Steps:   200 Return: -1497.3706 FPS: 308.48
18:22:07.924 [INFO] (on_policy_trainer.py:67) Total Epi:    39 Steps:    7800 Episode Steps:   200 Return: -1637.9874 FPS: 239.09
18:22:08.592 [INFO] (on_policy_trainer.py:67) Total Epi:    40 Steps:    8000 Episode Steps:   200 Return: -1510.5212 FPS: 299.99
18:22:09.320 [INFO] (on_policy_trainer.py:67) Total Epi:    41 Steps:    8200 Episode Steps:   200 Return: -1430.4640 FPS: 275.15
18:22:09.973 [INFO] (on_policy_trainer.py:67) Total Epi:    42 Steps:    8400 Episode Steps:   200 Return: -1657.2319 FPS: 306.60
18:22:10.702 [INFO] (on_policy_trainer.py:67) Total Epi:    43 Steps:    8600 Episode Steps:   200 Return: -947.5735 FPS: 274.96
18:22:11.520 [INFO] (on_policy_trainer.py:67) Total Epi:    44 Steps:    8800 Episode Steps:   200 Return: -1568.0725 FPS: 244.81
18:22:12.231 [INFO] (on_policy_trainer.py:67) Total Epi:    45 Steps:    9000 Episode Steps:   200 Return: -1651.7775 FPS: 282.22
18:22:12.881 [INFO] (on_policy_trainer.py:67) Total Epi:    46 Steps:    9200 Episode Steps:   200 Return: -1434.6969 FPS: 308.27
18:22:13.593 [INFO] (on_policy_trainer.py:67) Total Epi:    47 Steps:    9400 Episode Steps:   200 Return: -1273.6528 FPS: 281.48
18:22:14.278 [INFO] (on_policy_trainer.py:67) Total Epi:    48 Steps:    9600 Episode Steps:   200 Return: -1624.2295 FPS: 294.72
18:22:14.979 [INFO] (on_policy_trainer.py:67) Total Epi:    49 Steps:    9800 Episode Steps:   200 Return: -1608.6382 FPS: 285.79
18:22:15.418 [INFO] (on_policy_trainer.py:67) Total Epi:    50 Steps:   10000 Episode Steps:   200 Return: -955.3440 FPS: 457.85
18:22:15.900 [INFO] (on_policy_trainer.py:67) Total Epi:    51 Steps:   10200 Episode Steps:   200 Return: -1071.1044 FPS: 416.02
18:22:17.447 [INFO] (on_policy_trainer.py:67) Total Epi:    52 Steps:   10400 Episode Steps:   200 Return: -947.6353 FPS: 129.53
18:22:17.809 [INFO] (on_policy_trainer.py:67) Total Epi:    53 Steps:   10600 Episode Steps:   200 Return: -1617.2535 FPS: 552.91
18:22:18.299 [INFO] (on_policy_trainer.py:67) Total Epi:    54 Steps:   10800 Episode Steps:   200 Return: -1621.0825 FPS: 409.55
18:22:18.687 [INFO] (on_policy_trainer.py:67) Total Epi:    55 Steps:   11000 Episode Steps:   200 Return: -1647.2105 FPS: 517.13
18:22:19.092 [INFO] (on_policy_trainer.py:67) Total Epi:    56 Steps:   11200 Episode Steps:   200 Return: -1647.2158 FPS: 495.78
18:22:19.553 [INFO] (on_policy_trainer.py:67) Total Epi:    57 Steps:   11400 Episode Steps:   200 Return: -1166.0288 FPS: 434.62
18:22:19.913 [INFO] (on_policy_trainer.py:67) Total Epi:    58 Steps:   11600 Episode Steps:   200 Return: -1309.2694 FPS: 558.15
18:22:20.346 [INFO] (on_policy_trainer.py:67) Total Epi:    59 Steps:   11800 Episode Steps:   200 Return: -1654.6979 FPS: 463.00
18:22:20.711 [INFO] (on_policy_trainer.py:67) Total Epi:    60 Steps:   12000 Episode Steps:   200 Return: -1640.7398 FPS: 549.48
18:22:21.073 [INFO] (on_policy_trainer.py:67) Total Epi:    61 Steps:   12200 Episode Steps:   200 Return: -1642.0018 FPS: 554.91
18:22:21.520 [INFO] (on_policy_trainer.py:67) Total Epi:    62 Steps:   12400 Episode Steps:   200 Return: -1634.0288 FPS: 448.12
18:22:21.928 [INFO] (on_policy_trainer.py:67) Total Epi:    63 Steps:   12600 Episode Steps:   200 Return: -1621.4639 FPS: 491.87
18:22:22.381 [INFO] (on_policy_trainer.py:67) Total Epi:    64 Steps:   12800 Episode Steps:   200 Return: -1451.1796 FPS: 442.68
18:22:22.925 [INFO] (on_policy_trainer.py:67) Total Epi:    65 Steps:   13000 Episode Steps:   200 Return: -1275.2563 FPS: 368.79
18:22:23.347 [INFO] (on_policy_trainer.py:67) Total Epi:    66 Steps:   13200 Episode Steps:   200 Return: -1633.1439 FPS: 475.37
18:22:23.837 [INFO] (on_policy_trainer.py:67) Total Epi:    67 Steps:   13400 Episode Steps:   200 Return: -1650.0454 FPS: 408.42
18:22:24.204 [INFO] (on_policy_trainer.py:67) Total Epi:    68 Steps:   13600 Episode Steps:   200 Return: -1491.5931 FPS: 546.46
18:22:24.569 [INFO] (on_policy_trainer.py:67) Total Epi:    69 Steps:   13800 Episode Steps:   200 Return: -950.0830 FPS: 549.78
18:22:25.046 [INFO] (on_policy_trainer.py:67) Total Epi:    70 Steps:   14000 Episode Steps:   200 Return: -1495.4385 FPS: 421.02
18:22:25.437 [INFO] (on_policy_trainer.py:67) Total Epi:    71 Steps:   14200 Episode Steps:   200 Return: -1207.1666 FPS: 512.62
18:22:26.005 [INFO] (on_policy_trainer.py:67) Total Epi:    72 Steps:   14400 Episode Steps:   200 Return: -1491.4372 FPS: 352.60
18:22:26.404 [INFO] (on_policy_trainer.py:67) Total Epi:    73 Steps:   14600 Episode Steps:   200 Return: -1622.3640 FPS: 502.90
18:22:26.763 [INFO] (on_policy_trainer.py:67) Total Epi:    74 Steps:   14800 Episode Steps:   200 Return: -1583.0646 FPS: 559.28
18:22:27.200 [INFO] (on_policy_trainer.py:67) Total Epi:    75 Steps:   15000 Episode Steps:   200 Return: -1498.6371 FPS: 458.94
18:22:27.553 [INFO] (on_policy_trainer.py:67) Total Epi:    76 Steps:   15200 Episode Steps:   200 Return: -1389.5827 FPS: 567.95
18:22:27.982 [INFO] (on_policy_trainer.py:67) Total Epi:    77 Steps:   15400 Episode Steps:   200 Return: -1614.3414 FPS: 467.33
18:22:28.332 [INFO] (on_policy_trainer.py:67) Total Epi:    78 Steps:   15600 Episode Steps:   200 Return: -1238.3787 FPS: 573.57
18:22:28.690 [INFO] (on_policy_trainer.py:67) Total Epi:    79 Steps:   15800 Episode Steps:   200 Return: -833.1388 FPS: 559.83
18:22:29.122 [INFO] (on_policy_trainer.py:67) Total Epi:    80 Steps:   16000 Episode Steps:   200 Return: -1323.9260 FPS: 464.23
18:22:29.488 [INFO] (on_policy_trainer.py:67) Total Epi:    81 Steps:   16200 Episode Steps:   200 Return: -1653.7867 FPS: 548.41
18:22:29.925 [INFO] (on_policy_trainer.py:67) Total Epi:    82 Steps:   16400 Episode Steps:   200 Return: -1492.6796 FPS: 459.55
18:22:30.286 [INFO] (on_policy_trainer.py:67) Total Epi:    83 Steps:   16600 Episode Steps:   200 Return: -1192.3062 FPS: 555.63
18:22:30.640 [INFO] (on_policy_trainer.py:67) Total Epi:    84 Steps:   16800 Episode Steps:   200 Return: -1365.3410 FPS: 566.79
18:22:31.072 [INFO] (on_policy_trainer.py:67) Total Epi:    85 Steps:   17000 Episode Steps:   200 Return: -1490.7112 FPS: 464.78
18:22:31.429 [INFO] (on_policy_trainer.py:67) Total Epi:    86 Steps:   17200 Episode Steps:   200 Return: -1652.3924 FPS: 561.45
18:22:31.785 [INFO] (on_policy_trainer.py:67) Total Epi:    87 Steps:   17400 Episode Steps:   200 Return: -1556.9581 FPS: 563.37
18:22:32.222 [INFO] (on_policy_trainer.py:67) Total Epi:    88 Steps:   17600 Episode Steps:   200 Return: -1271.5302 FPS: 459.32
18:22:32.592 [INFO] (on_policy_trainer.py:67) Total Epi:    89 Steps:   17800 Episode Steps:   200 Return: -1654.0376 FPS: 542.38
18:22:33.041 [INFO] (on_policy_trainer.py:67) Total Epi:    90 Steps:   18000 Episode Steps:   200 Return: -1356.2987 FPS: 446.48
18:22:33.419 [INFO] (on_policy_trainer.py:67) Total Epi:    91 Steps:   18200 Episode Steps:   200 Return: -1610.1027 FPS: 529.81
18:22:33.781 [INFO] (on_policy_trainer.py:67) Total Epi:    92 Steps:   18400 Episode Steps:   200 Return: -1521.2588 FPS: 554.76
18:22:34.214 [INFO] (on_policy_trainer.py:67) Total Epi:    93 Steps:   18600 Episode Steps:   200 Return: -1354.0957 FPS: 463.23
18:22:34.569 [INFO] (on_policy_trainer.py:67) Total Epi:    94 Steps:   18800 Episode Steps:   200 Return: -1638.3249 FPS: 564.81
18:22:35.016 [INFO] (on_policy_trainer.py:67) Total Epi:    95 Steps:   19000 Episode Steps:   200 Return: -1467.2264 FPS: 448.90
18:22:35.384 [INFO] (on_policy_trainer.py:67) Total Epi:    96 Steps:   19200 Episode Steps:   200 Return: -1087.7976 FPS: 545.05
18:22:35.752 [INFO] (on_policy_trainer.py:67) Total Epi:    97 Steps:   19400 Episode Steps:   200 Return: -1608.5662 FPS: 545.35
18:22:36.222 [INFO] (on_policy_trainer.py:67) Total Epi:    98 Steps:   19600 Episode Steps:   200 Return: -1458.1485 FPS: 426.40
18:22:36.576 [INFO] (on_policy_trainer.py:67) Total Epi:    99 Steps:   19800 Episode Steps:   200 Return: -1239.2596 FPS: 566.61
18:22:37.028 [INFO] (on_policy_trainer.py:67) Total Epi:   100 Steps:   20000 Episode Steps:   200 Return: -1492.4431 FPS: 443.52
18:22:37.389 [INFO] (on_policy_trainer.py:67) Total Epi:   101 Steps:   20200 Episode Steps:   200 Return: -1518.7609 FPS: 556.41
18:22:37.751 [INFO] (on_policy_trainer.py:67) Total Epi:   102 Steps:   20400 Episode Steps:   200 Return: -1641.8820 FPS: 554.08
18:22:38.957 [INFO] (on_policy_trainer.py:67) Total Epi:   103 Steps:   20600 Episode Steps:   200 Return: -1209.1766 FPS: 165.97
18:22:39.316 [INFO] (on_policy_trainer.py:67) Total Epi:   104 Steps:   20800 Episode Steps:   200 Return: -1435.5812 FPS: 559.39
18:22:39.772 [INFO] (on_policy_trainer.py:67) Total Epi:   105 Steps:   21000 Episode Steps:   200 Return: -1534.1731 FPS: 439.18
18:22:40.160 [INFO] (on_policy_trainer.py:67) Total Epi:   106 Steps:   21200 Episode Steps:   200 Return: -1618.3217 FPS: 517.34
18:22:40.539 [INFO] (on_policy_trainer.py:67) Total Epi:   107 Steps:   21400 Episode Steps:   200 Return: -1616.9902 FPS: 529.59
18:22:40.977 [INFO] (on_policy_trainer.py:67) Total Epi:   108 Steps:   21600 Episode Steps:   200 Return: -1652.0049 FPS: 458.09
18:22:41.334 [INFO] (on_policy_trainer.py:67) Total Epi:   109 Steps:   21800 Episode Steps:   200 Return: -1498.3047 FPS: 561.13
18:22:41.694 [INFO] (on_policy_trainer.py:67) Total Epi:   110 Steps:   22000 Episode Steps:   200 Return: -1648.6016 FPS: 557.73
18:22:42.136 [INFO] (on_policy_trainer.py:67) Total Epi:   111 Steps:   22200 Episode Steps:   200 Return: -1195.9003 FPS: 453.69
18:22:42.489 [INFO] (on_policy_trainer.py:67) Total Epi:   112 Steps:   22400 Episode Steps:   200 Return: -1645.9053 FPS: 567.98
18:22:42.924 [INFO] (on_policy_trainer.py:67) Total Epi:   113 Steps:   22600 Episode Steps:   200 Return: -1352.1927 FPS: 460.94
18:22:43.280 [INFO] (on_policy_trainer.py:67) Total Epi:   114 Steps:   22800 Episode Steps:   200 Return: -1433.4737 FPS: 563.91
18:22:43.638 [INFO] (on_policy_trainer.py:67) Total Epi:   115 Steps:   23000 Episode Steps:   200 Return: -1654.0205 FPS: 560.38
18:22:44.065 [INFO] (on_policy_trainer.py:67) Total Epi:   116 Steps:   23200 Episode Steps:   200 Return: -1654.6593 FPS: 469.78
18:22:44.421 [INFO] (on_policy_trainer.py:67) Total Epi:   117 Steps:   23400 Episode Steps:   200 Return: -1656.3311 FPS: 564.66
18:22:44.873 [INFO] (on_policy_trainer.py:67) Total Epi:   118 Steps:   23600 Episode Steps:   200 Return: -1521.3008 FPS: 443.36
18:22:45.236 [INFO] (on_policy_trainer.py:67) Total Epi:   119 Steps:   23800 Episode Steps:   200 Return: -1362.8394 FPS: 552.22
18:22:45.618 [INFO] (on_policy_trainer.py:67) Total Epi:   120 Steps:   24000 Episode Steps:   200 Return: -1370.8527 FPS: 525.93
18:22:46.082 [INFO] (on_policy_trainer.py:67) Total Epi:   121 Steps:   24200 Episode Steps:   200 Return: -1510.4550 FPS: 431.98
18:22:46.473 [INFO] (on_policy_trainer.py:67) Total Epi:   122 Steps:   24400 Episode Steps:   200 Return: -1488.0214 FPS: 513.24
18:22:47.150 [INFO] (on_policy_trainer.py:67) Total Epi:   123 Steps:   24600 Episode Steps:   200 Return: -830.0192 FPS: 296.00
18:22:47.796 [INFO] (on_policy_trainer.py:67) Total Epi:   124 Steps:   24800 Episode Steps:   200 Return: -1421.9108 FPS: 309.95
18:22:48.583 [INFO] (on_policy_trainer.py:67) Total Epi:   125 Steps:   25000 Episode Steps:   200 Return: -1395.4101 FPS: 256.12
18:22:49.350 [INFO] (on_policy_trainer.py:67) Total Epi:   126 Steps:   25200 Episode Steps:   200 Return: -1499.5475 FPS: 261.36
18:22:50.013 [INFO] (on_policy_trainer.py:67) Total Epi:   127 Steps:   25400 Episode Steps:   200 Return: -1311.6967 FPS: 302.16
18:22:50.703 [INFO] (on_policy_trainer.py:67) Total Epi:   128 Steps:   25600 Episode Steps:   200 Return: -1639.4576 FPS: 290.69
18:22:51.372 [INFO] (on_policy_trainer.py:67) Total Epi:   129 Steps:   25800 Episode Steps:   200 Return: -1349.0925 FPS: 299.69
18:22:51.937 [INFO] (on_policy_trainer.py:67) Total Epi:   130 Steps:   26000 Episode Steps:   200 Return: -1624.2689 FPS: 354.82
18:22:52.609 [INFO] (on_policy_trainer.py:67) Total Epi:   131 Steps:   26200 Episode Steps:   200 Return: -1060.3100 FPS: 298.30
18:22:53.181 [INFO] (on_policy_trainer.py:67) Total Epi:   132 Steps:   26400 Episode Steps:   200 Return: -965.2182 FPS: 350.25
18:22:53.797 [INFO] (on_policy_trainer.py:67) Total Epi:   133 Steps:   26600 Episode Steps:   200 Return: -1641.6925 FPS: 325.08
18:22:54.531 [INFO] (on_policy_trainer.py:67) Total Epi:   134 Steps:   26800 Episode Steps:   200 Return: -1650.0479 FPS: 273.92
18:22:55.173 [INFO] (on_policy_trainer.py:67) Total Epi:   135 Steps:   27000 Episode Steps:   200 Return: -1499.8652 FPS: 311.93
18:22:55.978 [INFO] (on_policy_trainer.py:67) Total Epi:   136 Steps:   27200 Episode Steps:   200 Return: -1649.7088 FPS: 249.20
18:22:56.583 [INFO] (on_policy_trainer.py:67) Total Epi:   137 Steps:   27400 Episode Steps:   200 Return: -912.6272 FPS: 332.60
18:22:57.201 [INFO] (on_policy_trainer.py:67) Total Epi:   138 Steps:   27600 Episode Steps:   200 Return: -1539.9375 FPS: 324.11
18:22:58.005 [INFO] (on_policy_trainer.py:67) Total Epi:   139 Steps:   27800 Episode Steps:   200 Return: -1487.8642 FPS: 249.98
18:22:58.741 [INFO] (on_policy_trainer.py:67) Total Epi:   140 Steps:   28000 Episode Steps:   200 Return: -1525.0864 FPS: 274.68
18:22:59.576 [INFO] (on_policy_trainer.py:67) Total Epi:   141 Steps:   28200 Episode Steps:   200 Return: -1372.3756 FPS: 239.95
18:23:00.243 [INFO] (on_policy_trainer.py:67) Total Epi:   142 Steps:   28400 Episode Steps:   200 Return: -1493.2285 FPS: 300.63
18:23:00.965 [INFO] (on_policy_trainer.py:67) Total Epi:   143 Steps:   28600 Episode Steps:   200 Return: -1181.2011 FPS: 277.70
18:23:01.833 [INFO] (on_policy_trainer.py:67) Total Epi:   144 Steps:   28800 Episode Steps:   200 Return: -1428.3342 FPS: 230.83
18:23:02.642 [INFO] (on_policy_trainer.py:67) Total Epi:   145 Steps:   29000 Episode Steps:   200 Return: -1635.7876 FPS: 247.70
18:23:03.505 [INFO] (on_policy_trainer.py:67) Total Epi:   146 Steps:   29200 Episode Steps:   200 Return: -1378.8391 FPS: 232.16
18:23:04.164 [INFO] (on_policy_trainer.py:67) Total Epi:   147 Steps:   29400 Episode Steps:   200 Return: -1657.2891 FPS: 304.19
18:23:04.798 [INFO] (on_policy_trainer.py:67) Total Epi:   148 Steps:   29600 Episode Steps:   200 Return: -1533.6758 FPS: 316.11
18:23:05.519 [INFO] (on_policy_trainer.py:67) Total Epi:   149 Steps:   29800 Episode Steps:   200 Return: -1494.7352 FPS: 280.11
18:23:06.215 [INFO] (on_policy_trainer.py:67) Total Epi:   150 Steps:   30000 Episode Steps:   200 Return: -1643.2953 FPS: 287.88
18:23:06.935 [INFO] (on_policy_trainer.py:67) Total Epi:   151 Steps:   30200 Episode Steps:   200 Return: -1655.6435 FPS: 278.21
18:23:07.804 [INFO] (on_policy_trainer.py:67) Total Epi:   152 Steps:   30400 Episode Steps:   200 Return: -1374.3253 FPS: 230.64
18:23:08.440 [INFO] (on_policy_trainer.py:67) Total Epi:   153 Steps:   30600 Episode Steps:   200 Return: -1440.8871 FPS: 315.05
18:23:10.017 [INFO] (on_policy_trainer.py:67) Total Epi:   154 Steps:   30800 Episode Steps:   200 Return: -1589.7866 FPS: 126.98
18:23:10.625 [INFO] (on_policy_trainer.py:67) Total Epi:   155 Steps:   31000 Episode Steps:   200 Return: -1647.2234 FPS: 329.37
18:23:11.234 [INFO] (on_policy_trainer.py:67) Total Epi:   156 Steps:   31200 Episode Steps:   200 Return: -1560.0833 FPS: 329.55
18:23:12.026 [INFO] (on_policy_trainer.py:67) Total Epi:   157 Steps:   31400 Episode Steps:   200 Return: -1567.9374 FPS: 253.13
18:23:12.678 [INFO] (on_policy_trainer.py:67) Total Epi:   158 Steps:   31600 Episode Steps:   200 Return: -1551.1118 FPS: 307.43
18:23:13.411 [INFO] (on_policy_trainer.py:67) Total Epi:   159 Steps:   31800 Episode Steps:   200 Return: -1496.9072 FPS: 273.20
18:23:14.184 [INFO] (on_policy_trainer.py:67) Total Epi:   160 Steps:   32000 Episode Steps:   200 Return: -1436.5223 FPS: 260.51
18:23:14.970 [INFO] (on_policy_trainer.py:67) Total Epi:   161 Steps:   32200 Episode Steps:   200 Return: -1634.4279 FPS: 256.42
18:23:15.633 [INFO] (on_policy_trainer.py:67) Total Epi:   162 Steps:   32400 Episode Steps:   200 Return: -1655.5932 FPS: 304.35
18:23:16.169 [INFO] (on_policy_trainer.py:67) Total Epi:   163 Steps:   32600 Episode Steps:   200 Return: -1606.7105 FPS: 373.89
18:23:16.790 [INFO] (on_policy_trainer.py:67) Total Epi:   164 Steps:   32800 Episode Steps:   200 Return: -1426.7211 FPS: 322.74
18:23:17.337 [INFO] (on_policy_trainer.py:67) Total Epi:   165 Steps:   33000 Episode Steps:   200 Return: -1519.2003 FPS: 366.94
18:23:17.904 [INFO] (on_policy_trainer.py:67) Total Epi:   166 Steps:   33200 Episode Steps:   200 Return: -1596.2410 FPS: 353.21
18:23:18.624 [INFO] (on_policy_trainer.py:67) Total Epi:   167 Steps:   33400 Episode Steps:   200 Return: -1511.7676 FPS: 278.46
18:23:19.238 [INFO] (on_policy_trainer.py:67) Total Epi:   168 Steps:   33600 Episode Steps:   200 Return: -1652.2196 FPS: 326.06
18:23:19.957 [INFO] (on_policy_trainer.py:67) Total Epi:   169 Steps:   33800 Episode Steps:   200 Return: -1492.1887 FPS: 278.85
18:23:20.658 [INFO] (on_policy_trainer.py:67) Total Epi:   170 Steps:   34000 Episode Steps:   200 Return: -1619.5653 FPS: 285.74
18:23:21.392 [INFO] (on_policy_trainer.py:67) Total Epi:   171 Steps:   34200 Episode Steps:   200 Return: -1651.0851 FPS: 273.13
18:23:22.264 [INFO] (on_policy_trainer.py:67) Total Epi:   172 Steps:   34400 Episode Steps:   200 Return: -1656.2263 FPS: 229.64
18:23:23.002 [INFO] (on_policy_trainer.py:67) Total Epi:   173 Steps:   34600 Episode Steps:   200 Return: -1627.7164 FPS: 271.52
18:23:23.640 [INFO] (on_policy_trainer.py:67) Total Epi:   174 Steps:   34800 Episode Steps:   200 Return: -1658.1809 FPS: 314.11
18:23:24.453 [INFO] (on_policy_trainer.py:67) Total Epi:   175 Steps:   35000 Episode Steps:   200 Return: -1366.8045 FPS: 246.40
18:23:25.109 [INFO] (on_policy_trainer.py:67) Total Epi:   176 Steps:   35200 Episode Steps:   200 Return: -1652.2219 FPS: 305.46
18:23:25.837 [INFO] (on_policy_trainer.py:67) Total Epi:   177 Steps:   35400 Episode Steps:   200 Return: -1352.9168 FPS: 275.43
18:23:26.548 [INFO] (on_policy_trainer.py:67) Total Epi:   178 Steps:   35600 Episode Steps:   200 Return: -1604.7618 FPS: 282.11
18:23:27.260 [INFO] (on_policy_trainer.py:67) Total Epi:   179 Steps:   35800 Episode Steps:   200 Return: -1650.6163 FPS: 281.34
18:23:27.998 [INFO] (on_policy_trainer.py:67) Total Epi:   180 Steps:   36000 Episode Steps:   200 Return: -1628.0067 FPS: 272.07
18:23:28.616 [INFO] (on_policy_trainer.py:67) Total Epi:   181 Steps:   36200 Episode Steps:   200 Return: -1494.6488 FPS: 324.36
18:23:29.392 [INFO] (on_policy_trainer.py:67) Total Epi:   182 Steps:   36400 Episode Steps:   200 Return: -1651.9745 FPS: 258.21
18:23:29.997 [INFO] (on_policy_trainer.py:67) Total Epi:   183 Steps:   36600 Episode Steps:   200 Return: -1652.9950 FPS: 333.77
18:23:30.668 [INFO] (on_policy_trainer.py:67) Total Epi:   184 Steps:   36800 Episode Steps:   200 Return: -1490.9281 FPS: 298.82
18:23:31.382 [INFO] (on_policy_trainer.py:67) Total Epi:   185 Steps:   37000 Episode Steps:   200 Return: -1651.4707 FPS: 281.16
18:23:31.973 [INFO] (on_policy_trainer.py:67) Total Epi:   186 Steps:   37200 Episode Steps:   200 Return: -1607.6481 FPS: 338.65
18:23:32.734 [INFO] (on_policy_trainer.py:67) Total Epi:   187 Steps:   37400 Episode Steps:   200 Return: -1529.6454 FPS: 263.50
18:23:33.383 [INFO] (on_policy_trainer.py:67) Total Epi:   188 Steps:   37600 Episode Steps:   200 Return: -1597.8110 FPS: 308.49
18:23:34.048 [INFO] (on_policy_trainer.py:67) Total Epi:   189 Steps:   37800 Episode Steps:   200 Return: -1496.1769 FPS: 301.43
18:23:34.770 [INFO] (on_policy_trainer.py:67) Total Epi:   190 Steps:   38000 Episode Steps:   200 Return: -1417.3634 FPS: 277.57
18:23:35.524 [INFO] (on_policy_trainer.py:67) Total Epi:   191 Steps:   38200 Episode Steps:   200 Return: -1557.5977 FPS: 265.60
18:23:36.268 [INFO] (on_policy_trainer.py:67) Total Epi:   192 Steps:   38400 Episode Steps:   200 Return: -1654.6172 FPS: 269.68
18:23:37.114 [INFO] (on_policy_trainer.py:67) Total Epi:   193 Steps:   38600 Episode Steps:   200 Return: -1524.4414 FPS: 236.71
18:23:37.903 [INFO] (on_policy_trainer.py:67) Total Epi:   194 Steps:   38800 Episode Steps:   200 Return: -1548.1437 FPS: 254.38
18:23:38.651 [INFO] (on_policy_trainer.py:67) Total Epi:   195 Steps:   39000 Episode Steps:   200 Return: -1653.7895 FPS: 268.26
18:23:39.264 [INFO] (on_policy_trainer.py:67) Total Epi:   196 Steps:   39200 Episode Steps:   200 Return: -1653.1342 FPS: 328.89
18:23:39.960 [INFO] (on_policy_trainer.py:67) Total Epi:   197 Steps:   39400 Episode Steps:   200 Return: -1634.9096 FPS: 288.07
18:23:40.739 [INFO] (on_policy_trainer.py:67) Total Epi:   198 Steps:   39600 Episode Steps:   200 Return: -1635.0881 FPS: 257.31
18:23:41.396 [INFO] (on_policy_trainer.py:67) Total Epi:   199 Steps:   39800 Episode Steps:   200 Return: -1352.1702 FPS: 307.01
18:23:42.135 [INFO] (on_policy_trainer.py:67) Total Epi:   200 Steps:   40000 Episode Steps:   200 Return: -1583.1935 FPS: 271.28
18:23:42.902 [INFO] (on_policy_trainer.py:67) Total Epi:   201 Steps:   40200 Episode Steps:   200 Return: -1616.7233 FPS: 260.97
18:23:43.643 [INFO] (on_policy_trainer.py:67) Total Epi:   202 Steps:   40400 Episode Steps:   200 Return: -1493.7663 FPS: 270.40
18:23:44.315 [INFO] (on_policy_trainer.py:67) Total Epi:   203 Steps:   40600 Episode Steps:   200 Return: -1603.7773 FPS: 298.33
18:23:44.867 [INFO] (on_policy_trainer.py:67) Total Epi:   204 Steps:   40800 Episode Steps:   200 Return: -1571.5604 FPS: 363.41
18:23:46.658 [INFO] (on_policy_trainer.py:67) Total Epi:   205 Steps:   41000 Episode Steps:   200 Return: -1640.9026 FPS: 111.76
18:23:47.226 [INFO] (on_policy_trainer.py:67) Total Epi:   206 Steps:   41200 Episode Steps:   200 Return: -1494.8506 FPS: 352.79
18:23:47.807 [INFO] (on_policy_trainer.py:67) Total Epi:   207 Steps:   41400 Episode Steps:   200 Return: -1649.8510 FPS: 345.78
18:23:48.500 [INFO] (on_policy_trainer.py:67) Total Epi:   208 Steps:   41600 Episode Steps:   200 Return: -1537.7681 FPS: 289.31
18:23:49.088 [INFO] (on_policy_trainer.py:67) Total Epi:   209 Steps:   41800 Episode Steps:   200 Return: -1603.6593 FPS: 343.20
18:23:49.762 [INFO] (on_policy_trainer.py:67) Total Epi:   210 Steps:   42000 Episode Steps:   200 Return: -1612.8533 FPS: 297.42
18:23:50.427 [INFO] (on_policy_trainer.py:67) Total Epi:   211 Steps:   42200 Episode Steps:   200 Return: -1366.8362 FPS: 301.35
18:23:51.008 [INFO] (on_policy_trainer.py:67) Total Epi:   212 Steps:   42400 Episode Steps:   200 Return: -1452.4851 FPS: 345.76
18:23:51.733 [INFO] (on_policy_trainer.py:67) Total Epi:   213 Steps:   42600 Episode Steps:   200 Return: -1389.3810 FPS: 276.35
18:23:52.366 [INFO] (on_policy_trainer.py:67) Total Epi:   214 Steps:   42800 Episode Steps:   200 Return: -1571.2714 FPS: 316.67
18:23:52.979 [INFO] (on_policy_trainer.py:67) Total Epi:   215 Steps:   43000 Episode Steps:   200 Return: -1628.0137 FPS: 326.66
18:23:53.698 [INFO] (on_policy_trainer.py:67) Total Epi:   216 Steps:   43200 Episode Steps:   200 Return: -1491.3929 FPS: 278.80
18:23:54.295 [INFO] (on_policy_trainer.py:67) Total Epi:   217 Steps:   43400 Episode Steps:   200 Return: -1555.5193 FPS: 335.58
18:23:54.982 [INFO] (on_policy_trainer.py:67) Total Epi:   218 Steps:   43600 Episode Steps:   200 Return: -1655.0220 FPS: 292.06
18:23:55.593 [INFO] (on_policy_trainer.py:67) Total Epi:   219 Steps:   43800 Episode Steps:   200 Return: -1647.7657 FPS: 327.61
18:23:56.302 [INFO] (on_policy_trainer.py:67) Total Epi:   220 Steps:   44000 Episode Steps:   200 Return: -1656.8119 FPS: 282.75
18:23:57.090 [INFO] (on_policy_trainer.py:67) Total Epi:   221 Steps:   44200 Episode Steps:   200 Return: -1494.2286 FPS: 254.23
18:23:57.695 [INFO] (on_policy_trainer.py:67) Total Epi:   222 Steps:   44400 Episode Steps:   200 Return: -1609.3161 FPS: 331.13
18:23:58.422 [INFO] (on_policy_trainer.py:67) Total Epi:   223 Steps:   44600 Episode Steps:   200 Return: -1514.3027 FPS: 275.80
18:23:59.153 [INFO] (on_policy_trainer.py:67) Total Epi:   224 Steps:   44800 Episode Steps:   200 Return: -1531.5615 FPS: 273.85
18:23:59.899 [INFO] (on_policy_trainer.py:67) Total Epi:   225 Steps:   45000 Episode Steps:   200 Return: -1521.0399 FPS: 268.66
18:24:00.659 [INFO] (on_policy_trainer.py:67) Total Epi:   226 Steps:   45200 Episode Steps:   200 Return: -1361.8550 FPS: 265.17
18:24:01.396 [INFO] (on_policy_trainer.py:67) Total Epi:   227 Steps:   45400 Episode Steps:   200 Return: -1627.6800 FPS: 273.39
18:24:02.085 [INFO] (on_policy_trainer.py:67) Total Epi:   228 Steps:   45600 Episode Steps:   200 Return: -1626.3600 FPS: 292.78
18:24:02.695 [INFO] (on_policy_trainer.py:67) Total Epi:   229 Steps:   45800 Episode Steps:   200 Return: -1641.9140 FPS: 331.17
18:24:03.404 [INFO] (on_policy_trainer.py:67) Total Epi:   230 Steps:   46000 Episode Steps:   200 Return: -1485.5676 FPS: 282.66
18:24:04.234 [INFO] (on_policy_trainer.py:67) Total Epi:   231 Steps:   46200 Episode Steps:   200 Return: -1600.0137 FPS: 243.35
18:24:04.988 [INFO] (on_policy_trainer.py:67) Total Epi:   232 Steps:   46400 Episode Steps:   200 Return: -1501.7718 FPS: 265.90
18:24:05.731 [INFO] (on_policy_trainer.py:67) Total Epi:   233 Steps:   46600 Episode Steps:   200 Return: -1641.5021 FPS: 269.64
18:24:06.347 [INFO] (on_policy_trainer.py:67) Total Epi:   234 Steps:   46800 Episode Steps:   200 Return: -1641.8533 FPS: 325.26
18:24:07.018 [INFO] (on_policy_trainer.py:67) Total Epi:   235 Steps:   47000 Episode Steps:   200 Return: -1611.5680 FPS: 298.53
18:24:07.820 [INFO] (on_policy_trainer.py:67) Total Epi:   236 Steps:   47200 Episode Steps:   200 Return: -1532.5862 FPS: 249.76
18:24:08.524 [INFO] (on_policy_trainer.py:67) Total Epi:   237 Steps:   47400 Episode Steps:   200 Return: -1594.8472 FPS: 284.65
18:24:09.275 [INFO] (on_policy_trainer.py:67) Total Epi:   238 Steps:   47600 Episode Steps:   200 Return: -1623.2502 FPS: 266.82
18:24:10.063 [INFO] (on_policy_trainer.py:67) Total Epi:   239 Steps:   47800 Episode Steps:   200 Return: -1622.9775 FPS: 254.34
18:24:10.829 [INFO] (on_policy_trainer.py:67) Total Epi:   240 Steps:   48000 Episode Steps:   200 Return: -1656.8371 FPS: 261.87
18:24:11.723 [INFO] (on_policy_trainer.py:67) Total Epi:   241 Steps:   48200 Episode Steps:   200 Return: -1652.1109 FPS: 223.94
18:24:12.405 [INFO] (on_policy_trainer.py:67) Total Epi:   242 Steps:   48400 Episode Steps:   200 Return: -1542.5489 FPS: 295.63
18:24:13.116 [INFO] (on_policy_trainer.py:67) Total Epi:   243 Steps:   48600 Episode Steps:   200 Return: -1644.0504 FPS: 281.78
18:24:13.898 [INFO] (on_policy_trainer.py:67) Total Epi:   244 Steps:   48800 Episode Steps:   200 Return: -1484.3725 FPS: 257.67
18:24:14.622 [INFO] (on_policy_trainer.py:67) Total Epi:   245 Steps:   49000 Episode Steps:   200 Return: -1647.5247 FPS: 276.81
18:24:15.436 [INFO] (on_policy_trainer.py:67) Total Epi:   246 Steps:   49200 Episode Steps:   200 Return: -1657.2649 FPS: 246.57
18:24:16.162 [INFO] (on_policy_trainer.py:67) Total Epi:   247 Steps:   49400 Episode Steps:   200 Return: -1645.4543 FPS: 277.62
18:24:16.890 [INFO] (on_policy_trainer.py:67) Total Epi:   248 Steps:   49600 Episode Steps:   200 Return: -1644.2025 FPS: 276.70
18:24:17.664 [INFO] (on_policy_trainer.py:67) Total Epi:   249 Steps:   49800 Episode Steps:   200 Return: -1516.7125 FPS: 258.62
18:24:18.407 [INFO] (on_policy_trainer.py:67) Total Epi:   250 Steps:   50000 Episode Steps:   200 Return: -1515.3577 FPS: 269.83
18:24:19.265 [INFO] (on_policy_trainer.py:67) Total Epi:   251 Steps:   50200 Episode Steps:   200 Return: -1650.1328 FPS: 233.83
18:24:20.010 [INFO] (on_policy_trainer.py:67) Total Epi:   252 Steps:   50400 Episode Steps:   200 Return: -1345.8214 FPS: 269.85
18:24:20.700 [INFO] (on_policy_trainer.py:67) Total Epi:   253 Steps:   50600 Episode Steps:   200 Return: -1493.9082 FPS: 290.60
18:24:21.460 [INFO] (on_policy_trainer.py:67) Total Epi:   254 Steps:   50800 Episode Steps:   200 Return: -1478.4568 FPS: 263.64
18:24:22.148 [INFO] (on_policy_trainer.py:67) Total Epi:   255 Steps:   51000 Episode Steps:   200 Return: -1658.0694 FPS: 293.76
18:24:22.777 [INFO] (on_policy_trainer.py:67) Total Epi:   256 Steps:   51200 Episode Steps:   200 Return: -1491.2164 FPS: 318.77
18:24:24.217 [INFO] (on_policy_trainer.py:67) Total Epi:   257 Steps:   51400 Episode Steps:   200 Return: -1496.2933 FPS: 139.51
18:24:24.861 [INFO] (on_policy_trainer.py:67) Total Epi:   258 Steps:   51600 Episode Steps:   200 Return: -1407.3949 FPS: 310.97
18:24:25.603 [INFO] (on_policy_trainer.py:67) Total Epi:   259 Steps:   51800 Episode Steps:   200 Return: -1533.8156 FPS: 270.60
18:24:26.325 [INFO] (on_policy_trainer.py:67) Total Epi:   260 Steps:   52000 Episode Steps:   200 Return: -1499.9905 FPS: 277.53
18:24:27.128 [INFO] (on_policy_trainer.py:67) Total Epi:   261 Steps:   52200 Episode Steps:   200 Return: -1656.5283 FPS: 249.80
18:24:27.908 [INFO] (on_policy_trainer.py:67) Total Epi:   262 Steps:   52400 Episode Steps:   200 Return: -1491.3252 FPS: 256.92
18:24:28.567 [INFO] (on_policy_trainer.py:67) Total Epi:   263 Steps:   52600 Episode Steps:   200 Return: -1461.2572 FPS: 304.14
18:24:29.256 [INFO] (on_policy_trainer.py:67) Total Epi:   264 Steps:   52800 Episode Steps:   200 Return: -1497.6876 FPS: 290.84
18:24:29.924 [INFO] (on_policy_trainer.py:67) Total Epi:   265 Steps:   53000 Episode Steps:   200 Return: -1500.5548 FPS: 300.34
18:24:30.646 [INFO] (on_policy_trainer.py:67) Total Epi:   266 Steps:   53200 Episode Steps:   200 Return: -1547.2599 FPS: 279.39
18:24:31.371 [INFO] (on_policy_trainer.py:67) Total Epi:   267 Steps:   53400 Episode Steps:   200 Return: -1656.9052 FPS: 276.66
18:24:32.153 [INFO] (on_policy_trainer.py:67) Total Epi:   268 Steps:   53600 Episode Steps:   200 Return: -1638.0881 FPS: 256.24
18:24:32.908 [INFO] (on_policy_trainer.py:67) Total Epi:   269 Steps:   53800 Episode Steps:   200 Return: -1655.3100 FPS: 265.63
18:24:33.513 [INFO] (on_policy_trainer.py:67) Total Epi:   270 Steps:   54000 Episode Steps:   200 Return: -1636.6020 FPS: 331.20
18:24:34.223 [INFO] (on_policy_trainer.py:67) Total Epi:   271 Steps:   54200 Episode Steps:   200 Return: -1655.5624 FPS: 282.40
18:24:35.138 [INFO] (on_policy_trainer.py:67) Total Epi:   272 Steps:   54400 Episode Steps:   200 Return: -1655.3901 FPS: 218.81
18:24:35.960 [INFO] (on_policy_trainer.py:67) Total Epi:   273 Steps:   54600 Episode Steps:   200 Return: -1646.4226 FPS: 243.93
18:24:36.766 [INFO] (on_policy_trainer.py:67) Total Epi:   274 Steps:   54800 Episode Steps:   200 Return: -1525.0906 FPS: 248.86
18:24:37.424 [INFO] (on_policy_trainer.py:67) Total Epi:   275 Steps:   55000 Episode Steps:   200 Return: -1509.1903 FPS: 307.13
18:24:38.139 [INFO] (on_policy_trainer.py:67) Total Epi:   276 Steps:   55200 Episode Steps:   200 Return: -1627.7064 FPS: 281.92
18:24:38.959 [INFO] (on_policy_trainer.py:67) Total Epi:   277 Steps:   55400 Episode Steps:   200 Return: -1545.6963 FPS: 244.48
18:24:39.709 [INFO] (on_policy_trainer.py:67) Total Epi:   278 Steps:   55600 Episode Steps:   200 Return: -1584.0669 FPS: 267.20
18:24:40.484 [INFO] (on_policy_trainer.py:67) Total Epi:   279 Steps:   55800 Episode Steps:   200 Return: -1495.3850 FPS: 258.79
18:24:41.330 [INFO] (on_policy_trainer.py:67) Total Epi:   280 Steps:   56000 Episode Steps:   200 Return: -1517.7054 FPS: 236.74
18:24:41.954 [INFO] (on_policy_trainer.py:67) Total Epi:   281 Steps:   56200 Episode Steps:   200 Return: -1605.5314 FPS: 321.65
18:24:42.692 [INFO] (on_policy_trainer.py:67) Total Epi:   282 Steps:   56400 Episode Steps:   200 Return: -1630.4640 FPS: 271.34
18:24:43.354 [INFO] (on_policy_trainer.py:67) Total Epi:   283 Steps:   56600 Episode Steps:   200 Return: -1530.9486 FPS: 302.86
18:24:44.097 [INFO] (on_policy_trainer.py:67) Total Epi:   284 Steps:   56800 Episode Steps:   200 Return: -1520.2126 FPS: 269.65
18:24:44.976 [INFO] (on_policy_trainer.py:67) Total Epi:   285 Steps:   57000 Episode Steps:   200 Return: -1544.0045 FPS: 229.65
18:24:45.691 [INFO] (on_policy_trainer.py:67) Total Epi:   286 Steps:   57200 Episode Steps:   200 Return: -1570.7400 FPS: 282.85
18:24:46.501 [INFO] (on_policy_trainer.py:67) Total Epi:   287 Steps:   57400 Episode Steps:   200 Return: -1425.3599 FPS: 247.18
18:24:47.221 [INFO] (on_policy_trainer.py:67) Total Epi:   288 Steps:   57600 Episode Steps:   200 Return: -1582.6081 FPS: 280.14
18:24:48.020 [INFO] (on_policy_trainer.py:67) Total Epi:   289 Steps:   57800 Episode Steps:   200 Return: -1608.3753 FPS: 250.95
18:24:48.795 [INFO] (on_policy_trainer.py:67) Total Epi:   290 Steps:   58000 Episode Steps:   200 Return: -1651.3473 FPS: 258.60
18:24:49.456 [INFO] (on_policy_trainer.py:67) Total Epi:   291 Steps:   58200 Episode Steps:   200 Return: -1655.1636 FPS: 303.19
18:24:50.296 [INFO] (on_policy_trainer.py:67) Total Epi:   292 Steps:   58400 Episode Steps:   200 Return: -1495.4489 FPS: 239.71
18:24:50.926 [INFO] (on_policy_trainer.py:67) Total Epi:   293 Steps:   58600 Episode Steps:   200 Return: -1598.9841 FPS: 318.34
18:24:51.656 [INFO] (on_policy_trainer.py:67) Total Epi:   294 Steps:   58800 Episode Steps:   200 Return: -1504.1574 FPS: 274.75
18:24:52.375 [INFO] (on_policy_trainer.py:67) Total Epi:   295 Steps:   59000 Episode Steps:   200 Return: -1581.6430 FPS: 279.91
18:24:53.089 [INFO] (on_policy_trainer.py:67) Total Epi:   296 Steps:   59200 Episode Steps:   200 Return: -1501.7990 FPS: 280.77
18:24:53.971 [INFO] (on_policy_trainer.py:67) Total Epi:   297 Steps:   59400 Episode Steps:   200 Return: -1486.9961 FPS: 227.25
18:24:54.748 [INFO] (on_policy_trainer.py:67) Total Epi:   298 Steps:   59600 Episode Steps:   200 Return: -1494.3721 FPS: 257.90
18:24:55.502 [INFO] (on_policy_trainer.py:67) Total Epi:   299 Steps:   59800 Episode Steps:   200 Return: -1397.4780 FPS: 265.80
18:24:56.251 [INFO] (on_policy_trainer.py:67) Total Epi:   300 Steps:   60000 Episode Steps:   200 Return: -1634.7990 FPS: 267.39
18:24:56.868 [INFO] (on_policy_trainer.py:67) Total Epi:   301 Steps:   60200 Episode Steps:   200 Return: -1653.1026 FPS: 325.27
18:24:57.554 [INFO] (on_policy_trainer.py:67) Total Epi:   302 Steps:   60400 Episode Steps:   200 Return: -1498.8892 FPS: 291.91
18:24:58.416 [INFO] (on_policy_trainer.py:67) Total Epi:   303 Steps:   60600 Episode Steps:   200 Return: -1549.6656 FPS: 232.45
18:24:59.160 [INFO] (on_policy_trainer.py:67) Total Epi:   304 Steps:   60800 Episode Steps:   200 Return: -1505.8607 FPS: 269.55
18:24:59.915 [INFO] (on_policy_trainer.py:67) Total Epi:   305 Steps:   61000 Episode Steps:   200 Return: -1496.3134 FPS: 266.66
18:25:00.476 [INFO] (on_policy_trainer.py:67) Total Epi:   306 Steps:   61200 Episode Steps:   200 Return: -1585.4805 FPS: 357.02
18:25:01.081 [INFO] (on_policy_trainer.py:67) Total Epi:   307 Steps:   61400 Episode Steps:   200 Return: -1555.9337 FPS: 331.28
18:25:02.829 [INFO] (on_policy_trainer.py:67) Total Epi:   308 Steps:   61600 Episode Steps:   200 Return: -1563.3187 FPS: 114.52
18:25:03.510 [INFO] (on_policy_trainer.py:67) Total Epi:   309 Steps:   61800 Episode Steps:   200 Return: -1507.9067 FPS: 294.57
18:25:04.215 [INFO] (on_policy_trainer.py:67) Total Epi:   310 Steps:   62000 Episode Steps:   200 Return: -1628.7296 FPS: 284.37
18:25:04.885 [INFO] (on_policy_trainer.py:67) Total Epi:   311 Steps:   62200 Episode Steps:   200 Return: -1541.6726 FPS: 299.10
18:25:05.544 [INFO] (on_policy_trainer.py:67) Total Epi:   312 Steps:   62400 Episode Steps:   200 Return: -1632.4413 FPS: 303.90
18:25:06.323 [INFO] (on_policy_trainer.py:67) Total Epi:   313 Steps:   62600 Episode Steps:   200 Return: -1499.5939 FPS: 257.20
18:25:06.737 [INFO] (on_policy_trainer.py:67) Total Epi:   314 Steps:   62800 Episode Steps:   200 Return: -1493.0185 FPS: 484.86
